avespoli@Anthonys-MacBook-Pro ~ % log show --last 48h --predicate 'eventMessage CONTAINS "seal"'

Filtering the log data using "composedMessage CONTAINS "seal""
Skipping info and debug messages, pass --info and/or --debug to include.
Timestamp                       Thread     Type        Activity             PID    TTL  
2025-09-30 12:09:22.157307-0500 0x2989a    Default     0x0                  535    30   softwareupdated: (SoftwareUpdateCore) [com.apple.SoftwareUpdateMacController:SU] [SUCoreDevice] RootVolumeSealValid: Root volume is sealed
2025-09-30 12:09:41.987116-0500 0x29938    Default     0x6ccb2              535    30   softwareupdated: (SoftwareUpdateCore) [com.apple.SoftwareUpdateMacController:SU] [SUCoreDevice] RootVolumeSealValid: Root volume is sealed
2025-09-30 12:09:42.333381-0500 0x2989a    Default     0x6ccb2              535    30   softwareupdated: (SoftwareUpdateCore) [com.apple.SoftwareUpdateMacController:SU] [SUCoreDevice] RootVolumeSealValid: Root volume is sealed
2025-09-30 12:09:42.844591-0500 0x2989a    Default     0x6ccb2              535    30   softwareupdated: (SoftwareUpdateCore) [com.apple.SoftwareUpdateMacController:SU] [SUCoreDevice] RootVolumeSealValid: Root volume is sealed
2025-09-30 12:09:42.971777-0500 0x29b26    Default     0x6ccb2              535    30   softwareupdated: (SoftwareUpdateCore) [com.apple.SoftwareUpdateMacController:SU] [SUCoreDevice] RootVolumeSealValid: Root volume is sealed
2025-09-30 12:09:42.974299-0500 0x29b26    Default     0x6ccb2              535    30   softwareupdated: (SoftwareUpdateCore) [com.apple.SoftwareUpdateMacController:SU] [SUCoreDevice] RootVolumeSealValid: Root volume is sealed
2025-09-30 22:39:06.510052-0500 0x79594    Default     0x0                  535    30   softwareupdated: (SoftwareUpdateCore) [com.apple.SoftwareUpdateMacController:SU] [SUCoreDevice] RootVolumeSealValid: Root volume is sealed
2025-09-30 22:39:07.919754-0500 0x797c7    Default     0x1408ff             535    30   softwareupdated: (SoftwareUpdateCore) [com.apple.SoftwareUpdateMacController:SU] [SUCoreDevice] RootVolumeSealValid: Root volume is sealed
2025-09-30 22:39:08.363694-0500 0x797f6    Default     0x1408ff             535    30   softwareupdated: (SoftwareUpdateCore) [com.apple.SoftwareUpdateMacController:SU] [SUCoreDevice] RootVolumeSealValid: Root volume is sealed
2025-09-30 22:39:09.087119-0500 0x797d2    Default     0x1408ff             535    30   softwareupdated: (SoftwareUpdateCore) [com.apple.SoftwareUpdateMacController:SU] [SUCoreDevice] RootVolumeSealValid: Root volume is sealed
2025-09-30 22:39:09.363686-0500 0x797cb    Default     0x1408ff             535    30   softwareupdated: (SoftwareUpdateCore) [com.apple.SoftwareUpdateMacController:SU] [SUCoreDevice] RootVolumeSealValid: Root volume is sealed
2025-09-30 22:39:09.369676-0500 0x797cb    Default     0x1408ff             535    30   softwareupdated: (SoftwareUpdateCore) [com.apple.SoftwareUpdateMacController:SU] [SUCoreDevice] RootVolumeSealValid: Root volume is sealed
2025-09-30 23:54:06.008524-0500 0x7cf2d    Default     0x0                  535    30   softwareupdated: (SoftwareUpdateCore) [com.apple.SoftwareUpdateMacController:SU] [SUCoreDevice] RootVolumeSealValid: Root volume is sealed
2025-09-30 23:54:08.213404-0500 0x7f14e    Default     0x155ad4             535    30   softwareupdated: (SoftwareUpdateCore) [com.apple.SoftwareUpdateMacController:SU] [SUCoreDevice] RootVolumeSealValid: Root volume is sealed
2025-09-30 23:54:08.756035-0500 0x7f14d    Default     0x155ad4             535    30   softwareupdated: (SoftwareUpdateCore) [com.apple.SoftwareUpdateMacController:SU] [SUCoreDevice] RootVolumeSealValid: Root volume is sealed
2025-09-30 23:54:09.573061-0500 0x7f14d    Default     0x155ad4             535    30   softwareupdated: (SoftwareUpdateCore) [com.apple.SoftwareUpdateMacController:SU] [SUCoreDevice] RootVolumeSealValid: Root volume is sealed
2025-09-30 23:54:09.872803-0500 0x7f10d    Default     0x155ad4             535    30   softwareupdated: (SoftwareUpdateCore) [com.apple.SoftwareUpdateMacController:SU] [SUCoreDevice] RootVolumeSealValid: Root volume is sealed
2025-09-30 23:54:09.880015-0500 0x7f10d    Default     0x155ad4             535    30   softwareupdated: (SoftwareUpdateCore) [com.apple.SoftwareUpdateMacController:SU] [SUCoreDevice] RootVolumeSealValid: Root volume is sealed
2025-10-01 01:39:11.257848-0500 0x93b91    Default     0x0                  535    30   softwareupdated: (SoftwareUpdateCore) [com.apple.SoftwareUpdateMacController:SU] [SUCoreDevice] RootVolumeSealValid: Root volume is sealed
2025-10-01 01:39:13.642616-0500 0x93baa    Default     0x1a1303             535    30   softwareupdated: (SoftwareUpdateCore) [com.apple.SoftwareUpdateMacController:SU] [SUCoreDevice] RootVolumeSealValid: Root volume is sealed
2025-10-01 01:39:14.004855-0500 0x93baa    Default     0x1a1303             535    30   softwareupdated: (SoftwareUpdateCore) [com.apple.SoftwareUpdateMacController:SU] [SUCoreDevice] RootVolumeSealValid: Root volume is sealed
2025-10-01 01:39:14.518894-0500 0x93bb4    Default     0x1a1303             535    30   softwareupdated: (SoftwareUpdateCore) [com.apple.SoftwareUpdateMacController:SU] [SUCoreDevice] RootVolumeSealValid: Root volume is sealed
2025-10-01 01:39:14.668058-0500 0x93baa    Default     0x1a1303             535    30   softwareupdated: (SoftwareUpdateCore) [com.apple.SoftwareUpdateMacController:SU] [SUCoreDevice] RootVolumeSealValid: Root volume is sealed
2025-10-01 01:39:14.671466-0500 0x93baa    Default     0x1a1303             535    30   softwareupdated: (SoftwareUpdateCore) [com.apple.SoftwareUpdateMacController:SU] [SUCoreDevice] RootVolumeSealValid: Root volume is sealed
2025-10-01 03:10:02.558745-0500 0xa3e3f    Default     0x2087af             34421  18   AboutExtension: (CoreRepairCore) [com.apple.corerepair:device] Getting local sealing manifest
2025-10-01 03:10:02.574071-0500 0xa3e3f    Default     0x2087af             34421  18   AboutExtension: (CoreRepairCore) [com.apple.corerepair:device] Getting local sealing manifest
2025-10-01 03:10:02.574185-0500 0xa3e3f    Default     0x2087af             34421  18   AboutExtension: (CoreRepairCore) [com.apple.corerepair:device] Getting local sealing manifest
2025-10-01 03:10:02.574278-0500 0xa3e3f    Default     0x2087af             34421  18   AboutExtension: (CoreRepairCore) [com.apple.corerepair:device] Parsed the following common names from cert in seal: (
    "FDR Sealing Server CA 1",
    "FDR-SS-CM-E1"
)
2025-10-01 03:10:02.574513-0500 0xa3e3f    Default     0x2087af             34421  18   AboutExtension: (CoreRepairCore) [com.apple.corerepair:device] Reading EAN key seal, imageSize=8192
2025-10-01 03:10:02.574714-0500 0xa3e3f    Default     0x2087af             34421  18   AboutExtension: (CoreRepairCore) [com.apple.corerepair:device] Successfully read seal from EAN
2025-10-01 03:10:02.576211-0500 0xa3e3f    Default     0x2087af             34421  18   AboutExtension: (CoreRepairCore) [com.apple.corerepair:device] Getting local sealing manifest
2025-10-01 03:10:02.576860-0500 0xa3e3f    Default     0x2087af             34421  18   AboutExtension: (CoreRepairCore) [com.apple.corerepair:device] Getting local sealing manifest
2025-10-01 03:10:02.578745-0500 0xa3e3f    Default     0x2087af             34421  18   AboutExtension: (CoreRepairCore) [com.apple.corerepair:device] Getting local sealing manifest
2025-10-01 03:10:02.579928-0500 0xa3e3f    Default     0x2087af             34421  18   AboutExtension: (CoreRepairCore) [com.apple.corerepair:device] Getting local sealing manifest
2025-10-01 03:10:02.580880-0500 0xa3e3f    Default     0x2087af             34421  18   AboutExtension: (CoreRepairCore) [com.apple.corerepair:device] Getting local sealing manifest
2025-10-01 03:28:54.795753-0500 0xa834d    Default     0x0                  535    30   softwareupdated: (SoftwareUpdateCore) [com.apple.SoftwareUpdateMacController:SU] [SUCoreDevice] RootVolumeSealValid: Root volume is sealed
2025-10-01 03:28:55.144191-0500 0xa8402    Default     0x0                  535    30   softwareupdated: (SoftwareUpdateCore) [com.apple.SoftwareUpdateMacController:SU] [SUCoreDevice] RootVolumeSealValid: Root volume is sealed
2025-10-01 03:28:55.424961-0500 0xa829d    Default     0x0                  535    30   softwareupdated: (SoftwareUpdateCore) [com.apple.SoftwareUpdateMacController:SU] [SUCoreDevice] RootVolumeSealValid: Root volume is sealed
2025-10-01 03:28:55.426831-0500 0xa829d    Default     0x0                  535    30   softwareupdated: (SoftwareUpdateCore) [com.apple.SoftwareUpdateMacController:SU] [SUCoreDevice] RootVolumeSealValid: Root volume is sealed
2025-10-01 08:57:11.032068-0500 0x127d     Default     0x0                  517    0    AppleDeviceQueryService: (libMobileGestalt.dylib) Sealing manifest property '<private>' did not exist in the sealing manifest
2025-10-01 08:57:17.544041-0500 0x14eb     Default     0x0                  565    30   softwareupdated: (SoftwareUpdateCore) [com.apple.SoftwareUpdateMacController:SU] [SUCoreDevice] RootVolumeSealValid: Root volume is sealed
2025-10-01 08:57:17.557938-0500 0x14eb     Default     0x0                  565    30   softwareupdated: (SoftwareUpdateCore) [com.apple.SoftwareUpdateMacController:SU] [SUCoreDevice] RootVolumeSealValid: Root volume is sealed
2025-10-01 08:57:17.561637-0500 0x1511     Default     0x0                  565    30   softwareupdated: (SoftwareUpdateCore) [com.apple.SoftwareUpdateMacController:SU] [SUCoreDevice] RootVolumeSealValid: Root volume is sealed
2025-10-01 08:57:17.569392-0500 0x1502     Default     0x0                  565    30   softwareupdated: (SoftwareUpdateCore) [com.apple.SoftwareUpdateMacController:SU] [SUCoreDevice] RootVolumeSealValid: Root volume is sealed
2025-10-01 08:57:17.572195-0500 0x1502     Default     0x0                  565    30   softwareupdated: (SoftwareUpdateCore) [com.apple.SoftwareUpdateMacController:SU] [SUCoreDevice] RootVolumeSealValid: Root volume is sealed
2025-10-01 08:57:19.777108-0500 0x209b     Default     0x0                  373    18   corerepaird: (CoreRepairCore) [com.apple.corerepair:device] Getting local sealing manifest
2025-10-01 08:57:20.272730-0500 0x1511     Default     0x0                  565    30   softwareupdated: (SoftwareUpdateCore) [com.apple.SoftwareUpdateMacController:SU] [SUCoreDevice] RootVolumeSealValid: Root volume is sealed
2025-10-01 08:57:20.812347-0500 0x209b     Default     0x0                  373    18   corerepaird: (CoreRepairCore) [com.apple.corerepair:device] Reading EAN key seal, imageSize=8192
2025-10-01 08:57:20.812679-0500 0x209b     Default     0x0                  373    18   corerepaird: (CoreRepairCore) [com.apple.corerepair:device] Successfully read seal from EAN
2025-10-01 08:57:20.813197-0500 0x209b     Default     0x0                  373    18   corerepaird: (CoreRepairCore) [com.apple.corerepair:device] Unsealed: {
}
2025-10-01 11:12:14.498815-0500 0x24125    Default     0x47b8b              11669  18   AboutExtension: (CoreRepairCore) [com.apple.corerepair:device] Getting local sealing manifest
2025-10-01 11:12:14.513660-0500 0x24125    Default     0x47b8b              11669  18   AboutExtension: (CoreRepairCore) [com.apple.corerepair:device] Getting local sealing manifest
2025-10-01 11:12:14.513771-0500 0x24125    Default     0x47b8b              11669  18   AboutExtension: (CoreRepairCore) [com.apple.corerepair:device] Getting local sealing manifest
2025-10-01 11:12:14.513859-0500 0x24125    Default     0x47b8b              11669  18   AboutExtension: (CoreRepairCore) [com.apple.corerepair:device] Parsed the following common names from cert in seal: (
    "FDR Sealing Server CA 1",
    "FDR-SS-CM-E1"
)
2025-10-01 11:12:14.514089-0500 0x24125    Default     0x47b8b              11669  18   AboutExtension: (CoreRepairCore) [com.apple.corerepair:device] Reading EAN key seal, imageSize=8192
2025-10-01 11:12:14.514318-0500 0x24125    Default     0x47b8b              11669  18   AboutExtension: (CoreRepairCore) [com.apple.corerepair:device] Successfully read seal from EAN
2025-10-01 11:12:14.515747-0500 0x24125    Default     0x47b8b              11669  18   AboutExtension: (CoreRepairCore) [com.apple.corerepair:device] Getting local sealing manifest
2025-10-01 11:12:14.516307-0500 0x24125    Default     0x47b8b              11669  18   AboutExtension: (CoreRepairCore) [com.apple.corerepair:device] Getting local sealing manifest
2025-10-01 11:12:14.517875-0500 0x24125    Default     0x47b8b              11669  18   AboutExtension: (CoreRepairCore) [com.apple.corerepair:device] Getting local sealing manifest
2025-10-01 11:12:14.518824-0500 0x24125    Default     0x47b8b              11669  18   AboutExtension: (CoreRepairCore) [com.apple.corerepair:device] Getting local sealing manifest
2025-10-01 11:12:14.519654-0500 0x24125    Default     0x47b8b              11669  18   AboutExtension: (CoreRepairCore) [com.apple.corerepair:device] Getting local sealing manifest
2025-10-01 12:22:17.847264-0500 0x3059c    Default     0x0                  565    30   softwareupdated: (SoftwareUpdateCore) [com.apple.SoftwareUpdateMacController:SU] [SUCoreDevice] RootVolumeSealValid: Root volume is sealed
2025-10-01 12:22:18.675869-0500 0x3059e    Default     0xa1cc5              565    30   softwareupdated: (SoftwareUpdateCore) [com.apple.SoftwareUpdateMacController:SU] [SUCoreDevice] RootVolumeSealValid: Root volume is sealed
2025-10-01 12:22:18.893028-0500 0x3059c    Default     0xa1cc5              565    30   softwareupdated: (SoftwareUpdateCore) [com.apple.SoftwareUpdateMacController:SU] [SUCoreDevice] RootVolumeSealValid: Root volume is sealed
2025-10-01 12:22:19.367423-0500 0x3059c    Default     0xa1cc5              565    30   softwareupdated: (SoftwareUpdateCore) [com.apple.SoftwareUpdateMacController:SU] [SUCoreDevice] RootVolumeSealValid: Root volume is sealed
2025-10-01 12:22:19.482112-0500 0x3059e    Default     0xa1cc5              565    30   softwareupdated: (SoftwareUpdateCore) [com.apple.SoftwareUpdateMacController:SU] [SUCoreDevice] RootVolumeSealValid: Root volume is sealed
2025-10-01 12:22:19.483940-0500 0x3059e    Default     0xa1cc5              565    30   softwareupdated: (SoftwareUpdateCore) [com.apple.SoftwareUpdateMacController:SU] [SUCoreDevice] RootVolumeSealValid: Root volume is sealed
2025-10-01 12:22:22.225367-0500 0x30792    Default     0x0                  565    30   softwareupdated: (SoftwareUpdateCore) [com.apple.SoftwareUpdateMacController:SU] [SUCoreDevice] RootVolumeSealValid: Root volume is sealed
2025-10-01 12:22:22.640623-0500 0x30792    Default     0xa286f              565    30   softwareupdated: (SoftwareUpdateCore) [com.apple.SoftwareUpdateMacController:SU] [SUCoreDevice] RootVolumeSealValid: Root volume is sealed
2025-10-01 12:22:22.860763-0500 0x3059b    Default     0xa286f              565    30   softwareupdated: (SoftwareUpdateCore) [com.apple.SoftwareUpdateMacController:SU] [SUCoreDevice] RootVolumeSealValid: Root volume is sealed
2025-10-01 12:22:23.125650-0500 0x3059a    Default     0xa286f              565    30   softwareupdated: (SoftwareUpdateCore) [com.apple.SoftwareUpdateMacController:SU] [SUCoreDevice] RootVolumeSealValid: Root volume is sealed
2025-10-01 12:22:23.244911-0500 0x3059a    Default     0xa286f              565    30   softwareupdated: (SoftwareUpdateCore) [com.apple.SoftwareUpdateMacController:SU] [SUCoreDevice] RootVolumeSealValid: Root volume is sealed
2025-10-01 12:22:23.246516-0500 0x3059a    Default     0xa286f              565    30   softwareupdated: (SoftwareUpdateCore) [com.apple.SoftwareUpdateMacController:SU] [SUCoreDevice] RootVolumeSealValid: Root volume is sealed
2025-10-01 20:05:26.205269+0000 0x9df      Default     0x0                  84     0    WindowServer: (libMobileGestalt.dylib) Sealing manifest property '<private>' did not exist in the sealing manifest
2025-10-01 15:05:43.505193-0500 0xfd1      Default     0x0                  422    0    WindowServer: (libMobileGestalt.dylib) Sealing manifest property '<private>' did not exist in the sealing manifest
2025-10-01 15:05:47.353918-0500 0x1302     Default     0x1be5               556    30   softwareupdated: (SoftwareUpdateCore) [com.apple.SoftwareUpdateMacController:SU] [SUCoreDevice] RootVolumeSealValid: Root volume is sealed
2025-10-01 15:05:47.364569-0500 0x16d3     Default     0x0                  556    30   softwareupdated: (SoftwareUpdateCore) [com.apple.SoftwareUpdateMacController:SU] [SUCoreDevice] RootVolumeSealValid: Root volume is sealed
2025-10-01 15:05:47.372820-0500 0x16d4     Default     0x0                  556    30   softwareupdated: (SoftwareUpdateCore) [com.apple.SoftwareUpdateMacController:SU] [SUCoreDevice] RootVolumeSealValid: Root volume is sealed
2025-10-01 15:05:47.399859-0500 0x1301     Default     0x0                  556    30   softwareupdated: (SoftwareUpdateCore) [com.apple.SoftwareUpdateMacController:SU] [SUCoreDevice] RootVolumeSealValid: Root volume is sealed
2025-10-01 15:05:47.403005-0500 0x1301     Default     0x0                  556    30   softwareupdated: (SoftwareUpdateCore) [com.apple.SoftwareUpdateMacController:SU] [SUCoreDevice] RootVolumeSealValid: Root volume is sealed
2025-10-01 15:05:47.619288-0500 0x16d3     Default     0x0                  556    30   softwareupdated: (SoftwareUpdateCore) [com.apple.SoftwareUpdateMacController:SU] [SUCoreDevice] RootVolumeSealValid: Root volume is sealed
2025-10-01 15:05:47.636066-0500 0x16d3     Default     0x0                  556    30   softwareupdated: (SoftwareUpdateCore) [com.apple.SoftwareUpdateMacController:SU] [SUCoreDevice] RootVolumeSealValid: Root volume is sealed
2025-10-01 15:05:47.653114-0500 0x16d4     Default     0x0                  556    30   softwareupdated: (SoftwareUpdateCore) [com.apple.SoftwareUpdateMacController:SU] [SUCoreDevice] RootVolumeSealValid: Root volume is sealed
2025-10-01 15:05:47.658274-0500 0x16d4     Default     0x0                  556    30   softwareupdated: (SoftwareUpdateCore) [com.apple.SoftwareUpdateMacController:SU] [SUCoreDevice] RootVolumeSealValid: Root volume is sealed
2025-10-01 15:05:47.723679-0500 0x1615     Default     0x0                  0      0    kernel: (apfs) authapfs_seal_restore:584: disk3s3 broken in xid: 27076316, fsroot tree xid: 27076370
2025-10-01 15:05:48.102373-0500 0x16fe     Default     0x0                  0      0    kernel: (apfs) authapfs_seal_break:504: disk3s3 integrity protection will be disabled (from xid: 27165952)
2025-10-01 15:05:48.131761-0500 0x1615     Default     0x0                  0      0    kernel: (apfs) authapfs_seal_restore:604: disk3s3 integrity protection will be re-enabled
2025-10-01 15:06:02.547015-0500 0x16db     Default     0x0                  556    30   softwareupdated: (SoftwareUpdateCore) [com.apple.SoftwareUpdateMacController:SU] [SUCoreDevice] RootVolumeSealValid: Root volume is sealed
2025-10-01 15:06:02.885522-0500 0x16db     Default     0x0                  556    30   softwareupdated: (SoftwareUpdateCore) [com.apple.SoftwareUpdateMacController:SU] [SUCoreDevice] RootVolumeSealValid: Root volume is sealed
2025-10-01 15:06:02.914495-0500 0x16db     Default     0x0                  556    30   softwareupdated: (SoftwareUpdateCore) [com.apple.SoftwareUpdateMacController:SU] [SUCoreDevice] RootVolumeSealValid: Root volume is sealed
2025-10-01 15:06:02.924316-0500 0x16db     Default     0x0                  556    30   softwareupdated: (SoftwareUpdateCore) [com.apple.SoftwareUpdateMacController:SU] [SUCoreDevice] RootVolumeSealValid: Root volume is sealed
2025-10-01 15:07:50.102090-0500 0x577      Default     0x0                  0      0    kernel: (AppleH16CameraInterface) ISPCPU (Print:3910:788:788): DataLaneFreqConfigSet line 2186 alpmUsealpm updated to 1
2025-10-01 15:07:50.299842-0500 0x577      Default     0x0                  0      0    kernel: (AppleH16CameraInterface) ISPCPU (Print:4242:1120:88): InitSettingsSet line 69 alpmUsealpm REG set to 1
2025-10-01 15:07:50.305386-0500 0x577      Default     0x0                  0      0    kernel: (AppleH16CameraInterface) ISPCPU (Print:4246:1124:92): LinkRateSet line 2146 alpmUsealpm REG set to 1
2025-10-01 15:07:51.312045-0500 0x577      Default     0x0                  0      0    kernel: (AppleH16CameraInterface) ISPCPU (Print:4917:1795:418): DataLaneFreqConfigSet line 2186 alpmUsealpm updated to 1
2025-10-01 15:07:51.509545-0500 0x577      Default     0x0                  0      0    kernel: (AppleH16CameraInterface) ISPCPU (Print:5233:2111:735): InitSettingsSet line 69 alpmUsealpm REG set to 1
2025-10-01 15:07:51.514674-0500 0x577      Default     0x0                  0      0    kernel: (AppleH16CameraInterface) ISPCPU (Print:5237:2115:739): LinkRateSet line 2146 alpmUsealpm REG set to 1
2025-10-01 15:11:55.974502-0500 0x577      Default     0x0                  0      0    kernel: (AppleH16CameraInterface) ISPCPU (Print:7238:4116:65): DataLaneFreqConfigSet line 2186 alpmUsealpm updated to 1
2025-10-01 15:11:56.174267-0500 0x577      Default     0x0                  0      0    kernel: (AppleH16CameraInterface) ISPCPU (Print:7554:4432:381): InitSettingsSet line 69 alpmUsealpm REG set to 1
2025-10-01 15:11:56.179444-0500 0x577      Default     0x0                  0      0    kernel: (AppleH16CameraInterface) ISPCPU (Print:7558:4436:385): LinkRateSet line 2146 alpmUsealpm REG set to 1
2025-10-01 20:57:15.661167+0000 0x9f8      Default     0x0                  84     0    WindowServer: (libMobileGestalt.dylib) Sealing manifest property '<private>' did not exist in the sealing manifest
2025-10-01 15:58:04.660972-0500 0x111d     Default     0x0                  433    0    WindowServer: (libMobileGestalt.dylib) Sealing manifest property '<private>' did not exist in the sealing manifest
2025-10-01 15:58:07.499711-0500 0x154e     Default     0x2485               596    30   softwareupdated: (SoftwareUpdateCore) [com.apple.SoftwareUpdateMacController:SU] [SUCoreDevice] RootVolumeSealValid: Root volume is sealed
2025-10-01 15:58:08.613662-0500 0x1752     Default     0x0                  0      0    kernel: (apfs) authapfs_seal_break:504: disk3s3 integrity protection will be disabled (from xid: 27167754)
2025-10-01 15:58:08.645902-0500 0x1744     Default     0x0                  0      0    kernel: (apfs) authapfs_seal_restore:604: disk3s3 integrity protection will be re-enabled
2025-10-01 15:58:08.671230-0500 0x1760     Default     0x0                  0      0    kernel: (apfs) authapfs_seal_break:504: disk3s3 integrity protection will be disabled (from xid: 27167756)
2025-10-01 15:58:08.893754-0500 0x1760     Default     0x0                  0      0    kernel: (apfs) authapfs_seal_break:504: disk3s3 integrity protection will be disabled (from xid: 27167758)
2025-10-01 15:58:08.909705-0500 0x1744     Default     0x0                  0      0    kernel: (apfs) authapfs_seal_restore:604: disk3s3 integrity protection will be re-enabled
2025-10-01 15:58:09.015645-0500 0x1796     Default     0x0                  0      0    kernel: (apfs) authapfs_seal_break:504: disk3s3 integrity protection will be disabled (from xid: 27167761)
2025-10-01 15:58:09.030773-0500 0x1744     Default     0x0                  0      0    kernel: (apfs) authapfs_seal_restore:604: disk3s3 integrity protection will be re-enabled
2025-10-01 15:58:09.045902-0500 0x17aa     Default     0x0                  0      0    kernel: (apfs) authapfs_seal_break:504: disk3s3 integrity protection will be disabled (from xid: 27167764)
2025-10-01 15:58:09.097546-0500 0x17aa     Default     0x0                  0      0    kernel: (apfs) authapfs_seal_break:504: disk3s3 integrity protection will be disabled (from xid: 27167766)
2025-10-01 15:58:09.109634-0500 0x1744     Default     0x0                  0      0    kernel: (apfs) authapfs_seal_restore:604: disk3s3 integrity protection will be re-enabled
2025-10-01 15:58:09.410672-0500 0x154e     Default     0x0                  596    30   softwareupdated: (SoftwareUpdateCore) [com.apple.SoftwareUpdateMacController:SU] [SUCoreDevice] RootVolumeSealValid: Root volume is sealed
2025-10-01 15:58:09.417529-0500 0x1553     Default     0x0                  596    30   softwareupdated: (SoftwareUpdateCore) [com.apple.SoftwareUpdateMacController:SU] [SUCoreDevice] RootVolumeSealValid: Root volume is sealed
2025-10-01 15:58:09.422816-0500 0x17d0     Default     0x0                  596    30   softwareupdated: (SoftwareUpdateCore) [com.apple.SoftwareUpdateMacController:SU] [SUCoreDevice] RootVolumeSealValid: Root volume is sealed
2025-10-01 15:58:09.424240-0500 0x17d0     Default     0x0                  596    30   softwareupdated: (SoftwareUpdateCore) [com.apple.SoftwareUpdateMacController:SU] [SUCoreDevice] RootVolumeSealValid: Root volume is sealed
2025-10-01 15:58:09.590839-0500 0x17d0     Default     0x0                  596    30   softwareupdated: (SoftwareUpdateCore) [com.apple.SoftwareUpdateMacController:SU] [SUCoreDevice] RootVolumeSealValid: Root volume is sealed
2025-10-01 15:58:09.606067-0500 0x17d1     Default     0x0                  596    30   softwareupdated: (SoftwareUpdateCore) [com.apple.SoftwareUpdateMacController:SU] [SUCoreDevice] RootVolumeSealValid: Root volume is sealed
2025-10-01 15:58:09.617684-0500 0x154f     Default     0x0                  596    30   softwareupdated: (SoftwareUpdateCore) [com.apple.SoftwareUpdateMacController:SU] [SUCoreDevice] RootVolumeSealValid: Root volume is sealed
2025-10-01 15:58:09.622034-0500 0x154f     Default     0x0                  596    30   softwareupdated: (SoftwareUpdateCore) [com.apple.SoftwareUpdateMacController:SU] [SUCoreDevice] RootVolumeSealValid: Root volume is sealed
2025-10-01 15:58:21.349844-0500 0x17d5     Default     0x0                  596    30   softwareupdated: (SoftwareUpdateCore) [com.apple.SoftwareUpdateMacController:SU] [SUCoreDevice] RootVolumeSealValid: Root volume is sealed
2025-10-01 15:58:21.659957-0500 0x17d5     Default     0x0                  596    30   softwareupdated: (SoftwareUpdateCore) [com.apple.SoftwareUpdateMacController:SU] [SUCoreDevice] RootVolumeSealValid: Root volume is sealed
2025-10-01 15:58:21.691515-0500 0x17d5     Default     0x0                  596    30   softwareupdated: (SoftwareUpdateCore) [com.apple.SoftwareUpdateMacController:SU] [SUCoreDevice] RootVolumeSealValid: Root volume is sealed
2025-10-01 15:58:21.727026-0500 0x17d5     Default     0x0                  596    30   softwareupdated: (SoftwareUpdateCore) [com.apple.SoftwareUpdateMacController:SU] [SUCoreDevice] RootVolumeSealValid: Root volume is sealed
2025-10-01 15:58:24.789741-0500 0x21c9     Default     0x0                  410    18   corerepaird: (CoreRepairCore) [com.apple.corerepair:device] Getting local sealing manifest
2025-10-01 15:58:25.847167-0500 0x21c9     Default     0x0                  410    18   corerepaird: (CoreRepairCore) [com.apple.corerepair:device] Reading EAN key seal, imageSize=8192
2025-10-01 15:58:25.847783-0500 0x21c9     Default     0x0                  410    18   corerepaird: (CoreRepairCore) [com.apple.corerepair:device] Successfully read seal from EAN
2025-10-01 15:58:25.848141-0500 0x21c9     Default     0x0                  410    18   corerepaird: (CoreRepairCore) [com.apple.corerepair:device] Unsealed: {
}
2025-10-01 17:26:35.887059-0500 0xf494     Error       0x0                  0      0    kernel: (Sandbox) Sandbox: TextThumbnailExtension(6686) deny(1) iokit-get-properties iokit-class:IOService property:syscfg-erly-kbgs-allow-unsealed
115993961-iokit-get-properties
2025-10-01 18:58:20.293689-0500 0x1d485    Default     0x0                  596    30   softwareupdated: (SoftwareUpdateCore) [com.apple.SoftwareUpdateMacController:SU] [SUCoreDevice] RootVolumeSealValid: Root volume is sealed
2025-10-01 18:58:20.625337-0500 0x1d485    Default     0x0                  596    30   softwareupdated: (SoftwareUpdateCore) [com.apple.SoftwareUpdateMacController:SU] [SUCoreDevice] RootVolumeSealValid: Root volume is sealed
2025-10-01 18:58:20.884822-0500 0x1d485    Default     0x0                  596    30   softwareupdated: (SoftwareUpdateCore) [com.apple.SoftwareUpdateMacController:SU] [SUCoreDevice] RootVolumeSealValid: Root volume is sealed
2025-10-01 18:58:20.889158-0500 0x1d485    Default     0x0                  596    30   softwareupdated: (SoftwareUpdateCore) [com.apple.SoftwareUpdateMacController:SU] [SUCoreDevice] RootVolumeSealValid: Root volume is sealed
2025-10-01 19:06:12.418923-0500 0x27607    Default     0x0                  596    30   softwareupdated: (SoftwareUpdateCore) [com.apple.SoftwareUpdateMacController:SU] [SUCoreDevice] RootVolumeSealValid: Root volume is sealed
2025-10-01 19:06:12.742596-0500 0x275fb    Default     0x0                  596    30   softwareupdated: (SoftwareUpdateCore) [com.apple.SoftwareUpdateMacController:SU] [SUCoreDevice] RootVolumeSealValid: Root volume is sealed
2025-10-01 19:06:13.077165-0500 0x275fb    Default     0x0                  596    30   softwareupdated: (SoftwareUpdateCore) [com.apple.SoftwareUpdateMacController:SU] [SUCoreDevice] RootVolumeSealValid: Root volume is sealed
2025-10-01 19:06:13.079942-0500 0x275fb    Default     0x0                  596    30   softwareupdated: (SoftwareUpdateCore) [com.apple.SoftwareUpdateMacController:SU] [SUCoreDevice] RootVolumeSealValid: Root volume is sealed
2025-10-01 20:55:38.429622-0500 0xd402b6   Default     0x0                  596    30   softwareupdated: (SoftwareUpdateCore) [com.apple.SoftwareUpdateMacController:SU] [SUCoreDevice] RootVolumeSealValid: Root volume is sealed
2025-10-01 20:55:43.886308-0500 0xd402b1   Default     0x0                  596    30   softwareupdated: (SoftwareUpdateCore) [com.apple.SoftwareUpdateMacController:SU] [SUCoreDevice] RootVolumeSealValid: Root volume is sealed
2025-10-01 20:55:45.962273-0500 0xd404b2   Default     0x0                  596    30   softwareupdated: (SoftwareUpdateCore) [com.apple.SoftwareUpdateMacController:SU] [SUCoreDevice] RootVolumeSealValid: Root volume is sealed
2025-10-01 20:55:45.964599-0500 0xd404b2   Default     0x0                  596    30   softwareupdated: (SoftwareUpdateCore) [com.apple.SoftwareUpdateMacController:SU] [SUCoreDevice] RootVolumeSealValid: Root volume is sealed
2025-10-01 21:01:49.772394-0500 0xd7d1c8   Default     0x0                  596    30   softwareupdated: (SoftwareUpdateCore) [com.apple.SoftwareUpdateMacController:SU] [SUCoreDevice] RootVolumeSealValid: Root volume is sealed
2025-10-01 21:01:50.304991-0500 0xd7d1dd   Default     0x0                  596    30   softwareupdated: (SoftwareUpdateCore) [com.apple.SoftwareUpdateMacController:SU] [SUCoreDevice] RootVolumeSealValid: Root volume is sealed
2025-10-01 21:01:51.625366-0500 0xd7d1dd   Default     0x0                  596    30   softwareupdated: (SoftwareUpdateCore) [com.apple.SoftwareUpdateMacController:SU] [SUCoreDevice] RootVolumeSealValid: Root volume is sealed
2025-10-01 21:01:51.627912-0500 0xd7d1dd   Default     0x0                  596    30   softwareupdated: (SoftwareUpdateCore) [com.apple.SoftwareUpdateMacController:SU] [SUCoreDevice] RootVolumeSealValid: Root volume is sealed
2025-10-01 21:04:31.796332-0500 0xd8c9a9   Default     0x0                  14827  0    WindowServer: (libMobileGestalt.dylib) Sealing manifest property '<private>' did not exist in the sealing manifest
2025-10-01 21:04:40.215795-0500 0xd92ce2   Default     0x0                  596    30   softwareupdated: (SoftwareUpdateCore) [com.apple.SoftwareUpdateMacController:SU] [SUCoreDevice] RootVolumeSealValid: Root volume is sealed
2025-10-01 21:04:40.801659-0500 0xd92ce2   Default     0x0                  596    30   softwareupdated: (SoftwareUpdateCore) [com.apple.SoftwareUpdateMacController:SU] [SUCoreDevice] RootVolumeSealValid: Root volume is sealed
2025-10-01 21:04:40.807417-0500 0xd92ce2   Default     0x0                  596    30   softwareupdated: (SoftwareUpdateCore) [com.apple.SoftwareUpdateMacController:SU] [SUCoreDevice] RootVolumeSealValid: Root volume is sealed
2025-10-01 21:04:40.809157-0500 0xd92ce2   Default     0x0                  596    30   softwareupdated: (SoftwareUpdateCore) [com.apple.SoftwareUpdateMacController:SU] [SUCoreDevice] RootVolumeSealValid: Root volume is sealed
2025-10-01 21:04:41.431250-0500 0xd92ce3   Default     0x0                  596    30   softwareupdated: (SoftwareUpdateCore) [com.apple.SoftwareUpdateMacController:SU] [SUCoreDevice] RootVolumeSealValid: Root volume is sealed
2025-10-01 21:04:41.434983-0500 0xd92ce3   Default     0x0                  596    30   softwareupdated: (SoftwareUpdateCore) [com.apple.SoftwareUpdateMacController:SU] [SUCoreDevice] RootVolumeSealValid: Root volume is sealed
2025-10-01 21:04:50.515474-0500 0xd926a5   Default     0x0                  410    18   corerepaird: (CoreRepairCore) [com.apple.corerepair:device] Getting local sealing manifest
2025-10-01 21:04:50.679383-0500 0xd846e6   Default     0x0                  596    30   softwareupdated: (SoftwareUpdateCore) [com.apple.SoftwareUpdateMacController:SU] [SUCoreDevice] RootVolumeSealValid: Root volume is sealed
2025-10-01 21:04:52.416609-0500 0xd8defa   Default     0x0                  596    30   softwareupdated: (SoftwareUpdateCore) [com.apple.SoftwareUpdateMacController:SU] [SUCoreDevice] RootVolumeSealValid: Root volume is sealed
2025-10-01 21:04:53.068979-0500 0xd846e6   Default     0x0                  596    30   softwareupdated: (SoftwareUpdateCore) [com.apple.SoftwareUpdateMacController:SU] [SUCoreDevice] RootVolumeSealValid: Root volume is sealed
2025-10-01 21:04:53.071261-0500 0xd846e6   Default     0x0                  596    30   softwareupdated: (SoftwareUpdateCore) [com.apple.SoftwareUpdateMacController:SU] [SUCoreDevice] RootVolumeSealValid: Root volume is sealed
2025-10-01 21:04:53.282474-0500 0xd93268   Default     0x0                  28557  15   chronod: (ChronoKit) [com.apple.chrono:archiving] com.apple.mobiletimer.datetime destroying promise for 'Accepted successfully to file:///Users/avespoli/Library/Containers/com.apple.clock.WorldClockWidget/Data/SystemData/com.apple.chrono/relevance/com.apple.mobiletimer.datetime.chrono-relevance.' - </var/folders/cc/mjmmlkd546z6xptn3brnyl080000gn/T/com.apple.chrono//TemporaryItems/NSIRD_chronod_l1seal/com.apple.mobiletimer.datetime.chrono-relevance>
2025-10-02 03:37:57.951095+0000 0xa25      Default     0x0                  84     0    WindowServer: (libMobileGestalt.dylib) Sealing manifest property '<private>' did not exist in the sealing manifest
2025-10-01 22:38:17.861177-0500 0x1057     Default     0x0                  430    0    WindowServer: (libMobileGestalt.dylib) Sealing manifest property '<private>' did not exist in the sealing manifest
2025-10-01 22:38:18.771638-0500 0x1415     Default     0x0                  583    0    AppleDeviceQueryService: (libMobileGestalt.dylib) Sealing manifest property '<private>' did not exist in the sealing manifest
2025-10-01 22:38:19.468911-0500 0x1422     Default     0x1f75               577    30   softwareupdated: (SoftwareUpdateCore) [com.apple.SoftwareUpdateMacController:SU] [SUCoreDevice] RootVolumeSealValid: Root volume is sealed
2025-10-01 22:38:20.562931-0500 0x16ba     Default     0x0                  0      0    kernel: (apfs) authapfs_seal_break:504: disk3s3 integrity protection will be disabled (from xid: 27176659)
2025-10-01 22:38:20.586295-0500 0x16a4     Default     0x0                  0      0    kernel: (apfs) authapfs_seal_restore:604: disk3s3 integrity protection will be re-enabled
2025-10-01 22:38:20.610409-0500 0x16ca     Default     0x0                  0      0    kernel: (apfs) authapfs_seal_break:504: disk3s3 integrity protection will be disabled (from xid: 27176661)
2025-10-01 22:38:20.873958-0500 0x16ca     Default     0x0                  0      0    kernel: (apfs) authapfs_seal_break:504: disk3s3 integrity protection will be disabled (from xid: 27176664)
2025-10-01 22:38:20.892570-0500 0x16a4     Default     0x0                  0      0    kernel: (apfs) authapfs_seal_restore:604: disk3s3 integrity protection will be re-enabled
2025-10-01 22:38:21.021965-0500 0x170b     Default     0x0                  0      0    kernel: (apfs) authapfs_seal_break:504: disk3s3 integrity protection will be disabled (from xid: 27176673)
2025-10-01 22:38:21.039084-0500 0x16a4     Default     0x0                  0      0    kernel: (apfs) authapfs_seal_restore:604: disk3s3 integrity protection will be re-enabled
2025-10-01 22:38:21.053780-0500 0x1715     Default     0x0                  0      0    kernel: (apfs) authapfs_seal_break:504: disk3s3 integrity protection will be disabled (from xid: 27176675)
2025-10-01 22:38:21.101467-0500 0x1715     Default     0x0                  0      0    kernel: (apfs) authapfs_seal_break:504: disk3s3 integrity protection will be disabled (from xid: 27176677)
2025-10-01 22:38:21.131549-0500 0x16a4     Default     0x0                  0      0    kernel: (apfs) authapfs_seal_restore:604: disk3s3 integrity protection will be re-enabled
2025-10-01 22:38:21.546425-0500 0x1421     Default     0x0                  577    30   softwareupdated: (SoftwareUpdateCore) [com.apple.SoftwareUpdateMacController:SU] [SUCoreDevice] RootVolumeSealValid: Root volume is sealed
2025-10-01 22:38:21.553295-0500 0x1421     Default     0x0                  577    30   softwareupdated: (SoftwareUpdateCore) [com.apple.SoftwareUpdateMacController:SU] [SUCoreDevice] RootVolumeSealValid: Root volume is sealed
2025-10-01 22:38:21.558439-0500 0x1422     Default     0x0                  577    30   softwareupdated: (SoftwareUpdateCore) [com.apple.SoftwareUpdateMacController:SU] [SUCoreDevice] RootVolumeSealValid: Root volume is sealed
2025-10-01 22:38:21.559885-0500 0x1422     Default     0x0                  577    30   softwareupdated: (SoftwareUpdateCore) [com.apple.SoftwareUpdateMacController:SU] [SUCoreDevice] RootVolumeSealValid: Root volume is sealed
2025-10-01 22:38:21.865422-0500 0x1426     Default     0x0                  577    30   softwareupdated: (SoftwareUpdateCore) [com.apple.SoftwareUpdateMacController:SU] [SUCoreDevice] RootVolumeSealValid: Root volume is sealed
2025-10-01 22:38:21.892017-0500 0x13dd     Default     0x0                  577    30   softwareupdated: (SoftwareUpdateCore) [com.apple.SoftwareUpdateMacController:SU] [SUCoreDevice] RootVolumeSealValid: Root volume is sealed
2025-10-01 22:38:21.934545-0500 0x1423     Default     0x0                  577    30   softwareupdated: (SoftwareUpdateCore) [com.apple.SoftwareUpdateMacController:SU] [SUCoreDevice] RootVolumeSealValid: Root volume is sealed
2025-10-01 22:38:21.937230-0500 0x1423     Default     0x0                  577    30   softwareupdated: (SoftwareUpdateCore) [com.apple.SoftwareUpdateMacController:SU] [SUCoreDevice] RootVolumeSealValid: Root volume is sealed
2025-10-01 22:38:31.704710-0500 0x1423     Default     0x0                  577    30   softwareupdated: (SoftwareUpdateCore) [com.apple.SoftwareUpdateMacController:SU] [SUCoreDevice] RootVolumeSealValid: Root volume is sealed
2025-10-01 22:38:31.827326-0500 0x1b67     Default     0x0                  577    30   softwareupdated: (SoftwareUpdateCore) [com.apple.SoftwareUpdateMacController:SU] [SUCoreDevice] RootVolumeSealValid: Root volume is sealed
2025-10-01 22:38:31.852127-0500 0x1422     Default     0x0                  577    30   softwareupdated: (SoftwareUpdateCore) [com.apple.SoftwareUpdateMacController:SU] [SUCoreDevice] RootVolumeSealValid: Root volume is sealed
2025-10-01 22:38:31.882103-0500 0x1422     Default     0x0                  577    30   softwareupdated: (SoftwareUpdateCore) [com.apple.SoftwareUpdateMacController:SU] [SUCoreDevice] RootVolumeSealValid: Root volume is sealed
2025-10-01 22:38:35.893373-0500 0xff3      Default     0x0                  410    18   corerepaird: (CoreRepairCore) [com.apple.corerepair:device] Getting local sealing manifest
2025-10-01 22:38:36.999383-0500 0xff3      Default     0x0                  410    18   corerepaird: (CoreRepairCore) [com.apple.corerepair:device] Reading EAN key seal, imageSize=8192
2025-10-01 22:38:36.999750-0500 0xff3      Default     0x0                  410    18   corerepaird: (CoreRepairCore) [com.apple.corerepair:device] Successfully read seal from EAN
2025-10-01 22:38:37.000078-0500 0xff3      Default     0x0                  410    18   corerepaird: (CoreRepairCore) [com.apple.corerepair:device] Unsealed: {
}
2025-10-01 22:39:25.965293-0500 0x2c4f     Default     0x11903              1127   18   AboutExtension: (CoreRepairCore) [com.apple.corerepair:device] Getting local sealing manifest
2025-10-01 22:39:25.980211-0500 0x2c4f     Default     0x11903              1127   18   AboutExtension: (CoreRepairCore) [com.apple.corerepair:device] Getting local sealing manifest
2025-10-01 22:39:25.980304-0500 0x2c4f     Default     0x11903              1127   18   AboutExtension: (CoreRepairCore) [com.apple.corerepair:device] Getting local sealing manifest
2025-10-01 22:39:25.980392-0500 0x2c4f     Default     0x11903              1127   18   AboutExtension: (CoreRepairCore) [com.apple.corerepair:device] Parsed the following common names from cert in seal: (
    "FDR Sealing Server CA 1",
    "FDR-SS-CM-E1"
)
2025-10-01 22:39:25.980657-0500 0x2c4f     Default     0x11903              1127   18   AboutExtension: (CoreRepairCore) [com.apple.corerepair:device] Reading EAN key seal, imageSize=8192
2025-10-01 22:39:25.980836-0500 0x2c4f     Default     0x11903              1127   18   AboutExtension: (CoreRepairCore) [com.apple.corerepair:device] Successfully read seal from EAN
2025-10-01 22:39:25.982200-0500 0x2c4f     Default     0x11903              1127   18   AboutExtension: (CoreRepairCore) [com.apple.corerepair:device] Getting local sealing manifest
2025-10-01 22:39:25.982778-0500 0x2c4f     Default     0x11903              1127   18   AboutExtension: (CoreRepairCore) [com.apple.corerepair:device] Getting local sealing manifest
2025-10-01 22:39:25.984450-0500 0x2c4f     Default     0x11903              1127   18   AboutExtension: (CoreRepairCore) [com.apple.corerepair:device] Getting local sealing manifest
2025-10-01 22:39:25.985419-0500 0x2c4f     Default     0x11903              1127   18   AboutExtension: (CoreRepairCore) [com.apple.corerepair:device] Getting local sealing manifest
2025-10-01 22:39:25.986265-0500 0x2c4f     Default     0x11903              1127   18   AboutExtension: (CoreRepairCore) [com.apple.corerepair:device] Getting local sealing manifest
2025-10-01 22:39:26.021943-0500 0x2c43     Default     0x11903              1127   0    AboutExtension: (libMobileGestalt.dylib) Sealing manifest property '<private>' did not exist in the sealing manifest
2025-10-01 22:39:33.764435-0500 0x2e4c     Default     0x1258a              577    30   softwareupdated: (SoftwareUpdateCore) [com.apple.SoftwareUpdateMacController:SU] [SUCoreDevice] RootVolumeSealValid: Root volume is sealed
2025-10-01 22:39:34.050311-0500 0x2e4c     Default     0x1258a              577    30   softwareupdated: (SoftwareUpdateCore) [com.apple.SoftwareUpdateMacController:SU] [SUCoreDevice] RootVolumeSealValid: Root volume is sealed
2025-10-01 22:39:34.292439-0500 0x2e4b     Default     0x1258a              577    30   softwareupdated: (SoftwareUpdateCore) [com.apple.SoftwareUpdateMacController:SU] [SUCoreDevice] RootVolumeSealValid: Root volume is sealed
2025-10-01 22:39:34.295128-0500 0x2e4b     Default     0x1258a              577    30   softwareupdated: (SoftwareUpdateCore) [com.apple.SoftwareUpdateMacController:SU] [SUCoreDevice] RootVolumeSealValid: Root volume is sealed
2025-10-01 22:39:39.134977-0500 0x2e51     Default     0x0                  577    30   softwareupdated: (SoftwareUpdateCore) [com.apple.SoftwareUpdateMacController:SU] [SUCoreDevice] RootVolumeSealValid: Root volume is sealed
2025-10-01 22:39:39.479952-0500 0x2e11     Default     0x0                  577    30   softwareupdated: (SoftwareUpdateCore) [com.apple.SoftwareUpdateMacController:SU] [SUCoreDevice] RootVolumeSealValid: Root volume is sealed
2025-10-01 22:39:39.890914-0500 0x2c51     Default     0x0                  577    30   softwareupdated: (SoftwareUpdateCore) [com.apple.SoftwareUpdateMacController:SU] [SUCoreDevice] RootVolumeSealValid: Root volume is sealed
2025-10-01 22:39:39.893286-0500 0x2c51     Default     0x0                  577    30   softwareupdated: (SoftwareUpdateCore) [com.apple.SoftwareUpdateMacController:SU] [SUCoreDevice] RootVolumeSealValid: Root volume is sealed
2025-10-02 06:42:23.488031-0500 0x56d2     Default     0x0                  577    30   softwareupdated: (SoftwareUpdateCore) [com.apple.SoftwareUpdateMacController:SU] [SUCoreDevice] RootVolumeSealValid: Root volume is sealed
2025-10-02 06:42:23.896193-0500 0x8081     Default     0x0                  577    30   softwareupdated: (SoftwareUpdateCore) [com.apple.SoftwareUpdateMacController:SU] [SUCoreDevice] RootVolumeSealValid: Root volume is sealed
2025-10-02 06:42:24.323199-0500 0x8082     Default     0x0                  577    30   softwareupdated: (SoftwareUpdateCore) [com.apple.SoftwareUpdateMacController:SU] [SUCoreDevice] RootVolumeSealValid: Root volume is sealed
2025-10-02 06:42:24.329233-0500 0x8082     Default     0x0                  577    30   softwareupdated: (SoftwareUpdateCore) [com.apple.SoftwareUpdateMacController:SU] [SUCoreDevice] RootVolumeSealValid: Root volume is sealed
2025-10-02 08:44:17.120601-0500 0xb9532c   Error       0x0                  0      0    kernel: (Sandbox) Sandbox: TextThumbnailExtension(20476) deny(1) iokit-get-properties iokit-class:IOService property:syscfg-erly-kbgs-allow-unsealed
115993961-iokit-get-properties
2025-10-02 09:04:42.603466-0500 0x10d0ac   Default     0x0                  0      0    kernel: (AppleH16CameraInterface) [com.apple.isp:fw] ISPCPU (Print:3910:788:788): DataLaneFreqConfigSet line 2186 alpmUsealpm updated to 1
2025-10-02 09:04:42.800677-0500 0x679      Default     0x0                  0      0    kernel: (AppleH16CameraInterface) [com.apple.isp:fw] ISPCPU (Print:4242:1120:84): InitSettingsSet line 69 alpmUsealpm REG set to 1
2025-10-02 09:04:42.806225-0500 0xf1ddc9   Default     0x0                  0      0    kernel: (AppleH16CameraInterface) [com.apple.isp:fw] ISPCPU (Print:4246:1124:88): LinkRateSet line 2146 alpmUsealpm REG set to 1
2025-10-02 09:04:43.511636-0500 0x27f      Default     0x0                  0      0    kernel: (AppleH16CameraInterface) [com.apple.isp:fw] ISPCPU (Print:4904:1782:404): DataLaneFreqConfigSet line 2186 alpmUsealpm updated to 1
2025-10-02 09:04:43.708192-0500 0x27f      Default     0x0                  0      0    kernel: (AppleH16CameraInterface) [com.apple.isp:fw] ISPCPU (Print:5220:2098:721): InitSettingsSet line 69 alpmUsealpm REG set to 1
2025-10-02 09:04:43.713322-0500 0x27f      Default     0x0                  0      0    kernel: (AppleH16CameraInterface) [com.apple.isp:fw] ISPCPU (Print:5224:2102:725): LinkRateSet line 2146 alpmUsealpm REG set to 1
2025-10-02 09:05:54.094922-0500 0xf51410   Default     0x0                  577    30   softwareupdated: (SoftwareUpdateCore) [com.apple.SoftwareUpdateMacController:SU] [SUCoreDevice] RootVolumeSealValid: Root volume is sealed
2025-10-02 09:05:54.410915-0500 0xf51413   Default     0x0                  577    30   softwareupdated: (SoftwareUpdateCore) [com.apple.SoftwareUpdateMacController:SU] [SUCoreDevice] RootVolumeSealValid: Root volume is sealed
2025-10-02 09:05:54.732049-0500 0xf512da   Default     0x0                  577    30   softwareupdated: (SoftwareUpdateCore) [com.apple.SoftwareUpdateMacController:SU] [SUCoreDevice] RootVolumeSealValid: Root volume is sealed
2025-10-02 09:05:54.735378-0500 0xf512da   Default     0x0                  577    30   softwareupdated: (SoftwareUpdateCore) [com.apple.SoftwareUpdateMacController:SU] [SUCoreDevice] RootVolumeSealValid: Root volume is sealed
2025-10-02 09:34:38.888678-0500 0x679      Default     0x0                  0      0    kernel: (AppleH16CameraInterface) [com.apple.isp:fw] ISPCPU (Print:6247:783:783): DataLaneFreqConfigSet line 2186 alpmUsealpm updated to 1
2025-10-02 09:34:39.085234-0500 0x27f      Default     0x0                  0      0    kernel: (AppleH16CameraInterface) [com.apple.isp:fw] ISPCPU (Print:6579:1115:88): InitSettingsSet line 69 alpmUsealpm REG set to 1
2025-10-02 09:34:39.090786-0500 0x145ed58  Default     0x0                  0      0    kernel: (AppleH16CameraInterface) [com.apple.isp:fw] ISPCPU (Print:6583:1119:92): LinkRateSet line 2146 alpmUsealpm REG set to 1
2025-10-02 09:34:39.208277-0500 0x1462d0b  Default     0x0                  0      0    kernel: (AppleH16CameraInterface) [com.apple.isp:fw] ISPCPU (Print:7032:1568:541): DataLaneFreqConfigSet line 2186 alpmUsealpm updated to 1
2025-10-02 09:34:44.987127-0500 0x27f      Default     0x0                  0      0    kernel: (AppleH16CameraInterface) [com.apple.isp:fw] ISPCPU (Print:8009:2545:309): DataLaneFreqConfigSet line 2186 alpmUsealpm updated to 1
2025-10-02 09:34:45.184848-0500 0x27f      Default     0x0                  0      0    kernel: (AppleH16CameraInterface) [com.apple.isp:fw] ISPCPU (Print:8325:2861:625): InitSettingsSet line 69 alpmUsealpm REG set to 1
2025-10-02 09:34:45.189974-0500 0x27f      Default     0x0                  0      0    kernel: (AppleH16CameraInterface) [com.apple.isp:fw] ISPCPU (Print:8329:2865:629): LinkRateSet line 2146 alpmUsealpm REG set to 1
2025-10-02 09:46:54.898309-0500 0x16562de  Default     0x0                  577    30   softwareupdated: (SoftwareUpdateCore) [com.apple.SoftwareUpdateMacController:SU] [SUCoreDevice] RootVolumeSealValid: Root volume is sealed
2025-10-02 09:46:55.327054-0500 0x16562d1  Default     0x0                  577    30   softwareupdated: (SoftwareUpdateCore) [com.apple.SoftwareUpdateMacController:SU] [SUCoreDevice] RootVolumeSealValid: Root volume is sealed
2025-10-02 09:46:55.714743-0500 0x16562dd  Default     0x0                  577    30   softwareupdated: (SoftwareUpdateCore) [com.apple.SoftwareUpdateMacController:SU] [SUCoreDevice] RootVolumeSealValid: Root volume is sealed
2025-10-02 09:46:55.717550-0500 0x16562dd  Default     0x0                  577    30   softwareupdated: (SoftwareUpdateCore) [com.apple.SoftwareUpdateMacController:SU] [SUCoreDevice] RootVolumeSealValid: Root volume is sealed
2025-10-02 11:03:32.640446-0500 0x23e4953  Default     0xc2b2d              61404  0    AppleDeviceQueryService: (libMobileGestalt.dylib) Sealing manifest property '<private>' did not exist in the sealing manifest
2025-10-02 11:03:32.653429-0500 0x23e4694  Default     0xc2b2d              61100  0    sysdiagnose_helper: (AppleDeviceQuerySupport) [com.apple.zhuge:ZhuGeSupport] INF: For key: "W6G2ZPL+BzsMLGtunPo4q13HKvqm45nmzrVJEV2Uq/x18", value: {
    ApTicket = Trusted;
    DataFailedToReport =     (
    );
    Entitlements =     (
    );
    FailureData =     (
                {
            eCfg =             {
                LiveInstance = "00006040-001A60E6368A801C";
                WarningMessage = "Key is not required to seal";
            };
        }
    );
    FailureProperties =     (
    );
    SealDate = "20/02/2025 13:22:51 GMT";
    VerifiedData =     (
                {
            appv =             {
                LiveInstance = "00006040-001A60E6368A801C";
            };
        },
                {
            ADCL =             {
                LiveInstance = FP1HDC005R30000FQX;
            };
        },
                {
            pcrt =             {
                LiveInstance = "00006040-001A60E6368A801C";
            };
        },
                {
            HmCA =             {
                LiveInstance = 070107579B8C610F;
            <>
--------------------------------------------------------------------------------------------------------------------
Log      - Default:        235, Info:                0, Debug:             0, Error:          2, Fault:          0
Activity - Create:           0, Transition:          0, Actions:           0
avespoli@Anthonys-MacBook-Pro ~ % 
